vlc.exe
vlc.exe.manifest
vlc-cache-gen.exe
libvlc.dll
libvlccore.dll
AUTHORS.txt
COPYING.txt
NEWS.txt
README.txt
THANKS.txt
plugins\liba52tofloat32_plugin.dll
plugins\liba52tospdif_plugin.dll
plugins\liba52_plugin.dll
plugins\libaccess_attachment_plugin.dll
plugins\libaccess_bd_plugin.dll
plugins\libaccess_fake_plugin.dll
plugins\libaccess_ftp_plugin.dll
plugins\libaccess_http_plugin.dll
plugins\libaccess_imem_plugin.dll
plugins\libaccess_mms_plugin.dll
plugins\libaccess_output_dummy_plugin.dll
plugins\libaccess_output_file_plugin.dll
plugins\libaccess_output_http_plugin.dll
plugins\libaccess_output_shout_plugin.dll
plugins\libaccess_output_udp_plugin.dll
plugins\libaccess_realrtsp_plugin.dll
plugins\libaccess_smb_plugin.dll
plugins\libaccess_tcp_plugin.dll
plugins\libaccess_udp_plugin.dll
plugins\libadjust_plugin.dll
plugins\libadpcm_plugin.dll
plugins\libaes3_plugin.dll
plugins\libaiff_plugin.dll
plugins\libalphamask_plugin.dll
plugins\libaout_directx_plugin.dll
plugins\libaout_file_plugin.dll
plugins\libaout_sdl_plugin.dll
plugins\libaraw_plugin.dll
plugins\libasf_plugin.dll
plugins\libatmo_plugin.dll
plugins\libaudiobargraph_a_plugin.dll
plugins\libaudiobargraph_v_plugin.dll
plugins\libaudioscrobbler_plugin.dll
plugins\libaudio_format_plugin.dll
plugins\libau_plugin.dll
plugins\libavcodec_plugin.dll
plugins\libavi_plugin.dll
plugins\libball_plugin.dll
plugins\libbandlimited_resampler_plugin.dll
plugins\libbda_plugin.dll
plugins\libblendbench_plugin.dll
plugins\libblend_plugin.dll
plugins\libbluescreen_plugin.dll
plugins\libcaca_plugin.dll
plugins\libcanvas_plugin.dll
plugins\libcc_plugin.dll
plugins\libcdda_plugin.dll
plugins\libcdg_plugin.dll
plugins\libchain_plugin.dll
plugins\libchorus_flanger_plugin.dll
plugins\libclone_plugin.dll
plugins\libcolorthres_plugin.dll
plugins\libconverter_fixed_plugin.dll
plugins\libcroppadd_plugin.dll
plugins\libcrop_plugin.dll
plugins\libcvdsub_plugin.dll
plugins\libdeinterlace_plugin.dll
plugins\libdemuxdump_plugin.dll
plugins\libdemux_cdg_plugin.dll
plugins\libdirac_plugin.dll
plugins\libdirect3d_plugin.dll
plugins\libdirectx_plugin.dll
plugins\libdmo_plugin.dll
plugins\libdolby_surround_decoder_plugin.dll
plugins\libdrawable_plugin.dll
plugins\libdshow_plugin.dll
plugins\libdtstofloat32_plugin.dll
plugins\libdtstospdif_plugin.dll
plugins\libdts_plugin.dll
plugins\libdummy_plugin.dll
plugins\libdvbsub_plugin.dll
plugins\libdvdnav_plugin.dll
plugins\libdvdread_plugin.dll
plugins\libequalizer_plugin.dll
plugins\liberase_plugin.dll
plugins\libes_plugin.dll
plugins\libexport_plugin.dll
plugins\libextract_plugin.dll
plugins\libfaad_plugin.dll
plugins\libfake_plugin.dll
plugins\libfilesystem_plugin.dll
plugins\libflacsys_plugin.dll
plugins\libflac_plugin.dll
plugins\libfloat32_mixer_plugin.dll
plugins\libfluidsynth_plugin.dll
plugins\libfolder_plugin.dll
plugins\libfreetype_plugin.dll
plugins\libgaussianblur_plugin.dll
plugins\libgestures_plugin.dll
plugins\libglobalhotkeys_plugin.dll
plugins\libglwin32_plugin.dll
plugins\libgme_plugin.dll
plugins\libgnutls_plugin.dll
plugins\libgoom_plugin.dll
plugins\libgradient_plugin.dll
plugins\libgrain_plugin.dll
plugins\libgrey_yuv_plugin.dll
plugins\libh264_plugin.dll
plugins\libheadphone_channel_mixer_plugin.dll
plugins\libhotkeys_plugin.dll
plugins\libi420_rgb_mmx_plugin.dll
plugins\libi420_rgb_plugin.dll
plugins\libi420_rgb_sse2_plugin.dll
plugins\libi420_yuy2_mmx_plugin.dll
plugins\libi420_yuy2_plugin.dll
plugins\libi420_yuy2_sse2_plugin.dll
plugins\libi422_i420_plugin.dll
plugins\libi422_yuy2_mmx_plugin.dll
plugins\libi422_yuy2_plugin.dll
plugins\libi422_yuy2_sse2_plugin.dll
plugins\libinvert_plugin.dll
plugins\libinvmem_plugin.dll
plugins\libkate_plugin.dll
plugins\liblibass_plugin.dll
plugins\liblibmpeg2_plugin.dll
plugins\liblive555_plugin.dll
plugins\liblogger_plugin.dll
plugins\liblogo_plugin.dll
plugins\liblpcm_plugin.dll
plugins\liblua_plugin.dll
plugins\libmagnify_plugin.dll
plugins\libmarq_plugin.dll
plugins\libmediadirs_plugin.dll
plugins\libmemcpy3dn_plugin.dll
plugins\libmemcpymmxext_plugin.dll
plugins\libmemcpymmx_plugin.dll
plugins\libmirror_plugin.dll
plugins\libmjpeg_plugin.dll
plugins\libmkv_plugin.dll
plugins\libmod_plugin.dll
plugins\libmono_plugin.dll
plugins\libmosaic_plugin.dll
plugins\libmotionblur_plugin.dll
plugins\libmotiondetect_plugin.dll
plugins\libmp4_plugin.dll
plugins\libmpc_plugin.dll
plugins\libmpeg_audio_plugin.dll
plugins\libmpgatofixed32_plugin.dll
plugins\libmpgv_plugin.dll
plugins\libmsn_plugin.dll
plugins\libmux_asf_plugin.dll
plugins\libmux_avi_plugin.dll
plugins\libmux_dummy_plugin.dll
plugins\libmux_mp4_plugin.dll
plugins\libmux_mpjpeg_plugin.dll
plugins\libmux_ogg_plugin.dll
plugins\libmux_ps_plugin.dll
plugins\libmux_ts_plugin.dll
plugins\libmux_wav_plugin.dll
plugins\libnetsync_plugin.dll
plugins\libnoise_plugin.dll
plugins\libnormvol_plugin.dll
plugins\libnsc_plugin.dll
plugins\libnsv_plugin.dll
plugins\libntservice_plugin.dll
plugins\libnuv_plugin.dll
plugins\libogg_plugin.dll
plugins\liboldhttp_plugin.dll
plugins\liboldrc_plugin.dll
plugins\liboldtelnet_plugin.dll
plugins\libosdmenu_plugin.dll
plugins\libosd_parser_plugin.dll
plugins\libpacketizer_copy_plugin.dll
plugins\libpacketizer_dirac_plugin.dll
plugins\libpacketizer_flac_plugin.dll
plugins\libpacketizer_h264_plugin.dll
plugins\libpacketizer_mlp_plugin.dll
plugins\libpacketizer_mpeg4audio_plugin.dll
plugins\libpacketizer_mpeg4video_plugin.dll
plugins\libpacketizer_mpegvideo_plugin.dll
plugins\libpacketizer_vc1_plugin.dll
plugins\libpanoramix_plugin.dll
plugins\libparam_eq_plugin.dll
plugins\libplaylist_plugin.dll
plugins\libpng_plugin.dll
plugins\libpodcast_plugin.dll
plugins\libportaudio_plugin.dll
plugins\libpostproc_plugin.dll
plugins\libprojectm_plugin.dll
plugins\libpsychedelic_plugin.dll
plugins\libps_plugin.dll
plugins\libpuzzle_plugin.dll
plugins\libpva_plugin.dll
plugins\libqt4_plugin.dll
plugins\libquicktime_plugin.dll
plugins\librawaud_plugin.dll
plugins\librawdv_plugin.dll
plugins\librawvideo_plugin.dll
plugins\librawvid_plugin.dll
plugins\librealvideo_plugin.dll
plugins\libreal_plugin.dll
plugins\libremoteosd_plugin.dll
plugins\libripple_plugin.dll
plugins\librotate_plugin.dll
plugins\librss_plugin.dll
plugins\librtp_plugin.dll
plugins\librv32_plugin.dll
plugins\libsap_plugin.dll
plugins\libscaletempo_plugin.dll
plugins\libscale_plugin.dll
plugins\libscene_plugin.dll
plugins\libschroedinger_plugin.dll
plugins\libscreen_plugin.dll
plugins\libsdl_image_plugin.dll
plugins\libsharpen_plugin.dll
plugins\libsimple_channel_mixer_plugin.dll
plugins\libskins2_plugin.dll
plugins\libsmf_plugin.dll
plugins\libspatializer_plugin.dll
plugins\libspdif_mixer_plugin.dll
plugins\libspeex_plugin.dll
plugins\libspudec_plugin.dll
plugins\libstats_plugin.dll
plugins\libstream_filter_rar_plugin.dll
plugins\libstream_filter_record_plugin.dll
plugins\libstream_out_autodel_plugin.dll
plugins\libstream_out_bridge_plugin.dll
plugins\libstream_out_description_plugin.dll
plugins\libstream_out_display_plugin.dll
plugins\libstream_out_dummy_plugin.dll
plugins\libstream_out_duplicate_plugin.dll
plugins\libstream_out_es_plugin.dll
plugins\libstream_out_gather_plugin.dll
plugins\libstream_out_mosaic_bridge_plugin.dll
plugins\libstream_out_raop_plugin.dll
plugins\libstream_out_record_plugin.dll
plugins\libstream_out_rtp_plugin.dll
plugins\libstream_out_smem_plugin.dll
plugins\libstream_out_standard_plugin.dll
plugins\libstream_out_transcode_plugin.dll
plugins\libsubsdec_plugin.dll
plugins\libsubsusf_plugin.dll
plugins\libsubtitle_plugin.dll
plugins\libsvcdsub_plugin.dll
plugins\libswscale_plugin.dll
plugins\libt140_plugin.dll
plugins\libtaglib_plugin.dll
plugins\libtheora_plugin.dll
plugins\libtransform_plugin.dll
plugins\libtrivial_channel_mixer_plugin.dll
plugins\libtrivial_mixer_plugin.dll
plugins\libts_plugin.dll
plugins\libtta_plugin.dll
plugins\libtwolame_plugin.dll
plugins\libty_plugin.dll
plugins\libugly_resampler_plugin.dll
plugins\libvc1_plugin.dll
plugins\libvcd_plugin.dll
plugins\libvideo_filter_wrapper_plugin.dll
plugins\libvisual_plugin.dll
plugins\libvmem_plugin.dll
plugins\libvobsub_plugin.dll
plugins\libvoc_plugin.dll
plugins\libvod_rtsp_plugin.dll
plugins\libvorbis_plugin.dll
plugins\libvout_sdl_plugin.dll
plugins\libvout_wrapper_plugin.dll
plugins\libwall_plugin.dll
plugins\libwaveout_plugin.dll
plugins\libwave_plugin.dll
plugins\libwav_plugin.dll
plugins\libwingdi_plugin.dll
plugins\libx264_plugin.dll
plugins\libxa_plugin.dll
plugins\libxml_plugin.dll
plugins\libxtag_plugin.dll
plugins\libyuvp_plugin.dll
plugins\libyuv_plugin.dll
plugins\libyuy2_i420_plugin.dll
plugins\libyuy2_i422_plugin.dll
plugins\libzip_plugin.dll
plugins\libzvbi_plugin.dll
locale\af\LC_MESSAGES\vlc.mo
locale\ar\LC_MESSAGES\vlc.mo
locale\ast\LC_MESSAGES\vlc.mo
locale\be\LC_MESSAGES\vlc.mo
locale\bg\LC_MESSAGES\vlc.mo
locale\bn\LC_MESSAGES\vlc.mo
locale\ca\LC_MESSAGES\vlc.mo
locale\ckb\LC_MESSAGES\vlc.mo
locale\co\LC_MESSAGES\vlc.mo
locale\cs\LC_MESSAGES\vlc.mo
locale\da\LC_MESSAGES\vlc.mo
locale\de\LC_MESSAGES\vlc.mo
locale\el\LC_MESSAGES\vlc.mo
locale\en_GB\LC_MESSAGES\vlc.mo
locale\es\LC_MESSAGES\vlc.mo
locale\et\LC_MESSAGES\vlc.mo
locale\eu\LC_MESSAGES\vlc.mo
locale\fa\LC_MESSAGES\vlc.mo
locale\fi\LC_MESSAGES\vlc.mo
locale\fr\LC_MESSAGES\vlc.mo
locale\fur\LC_MESSAGES\vlc.mo
locale\ga\LC_MESSAGES\vlc.mo
locale\gl\LC_MESSAGES\vlc.mo
locale\he\LC_MESSAGES\vlc.mo
locale\hi\LC_MESSAGES\vlc.mo
locale\hr\LC_MESSAGES\vlc.mo
locale\hu\LC_MESSAGES\vlc.mo
locale\hy\LC_MESSAGES\vlc.mo
locale\id\LC_MESSAGES\vlc.mo
locale\it\LC_MESSAGES\vlc.mo
locale\ja\LC_MESSAGES\vlc.mo
locale\ka\LC_MESSAGES\vlc.mo
locale\kk\LC_MESSAGES\vlc.mo
locale\km\LC_MESSAGES\vlc.mo
locale\ko\LC_MESSAGES\vlc.mo
locale\lt\LC_MESSAGES\vlc.mo
locale\lv\LC_MESSAGES\vlc.mo
locale\mk\LC_MESSAGES\vlc.mo
locale\ml\LC_MESSAGES\vlc.mo
locale\mn\LC_MESSAGES\vlc.mo
locale\ms\LC_MESSAGES\vlc.mo
locale\my\LC_MESSAGES\vlc.mo
locale\nb\LC_MESSAGES\vlc.mo
locale\ne\LC_MESSAGES\vlc.mo
locale\nl\LC_MESSAGES\vlc.mo
locale\nn\LC_MESSAGES\vlc.mo
locale\oc\LC_MESSAGES\vlc.mo
locale\pa\LC_MESSAGES\vlc.mo
locale\pl\LC_MESSAGES\vlc.mo
locale\ps\LC_MESSAGES\vlc.mo
locale\pt_BR\LC_MESSAGES\vlc.mo
locale\pt_PT\LC_MESSAGES\vlc.mo
locale\ro\LC_MESSAGES\vlc.mo
locale\ru\LC_MESSAGES\vlc.mo
locale\si\LC_MESSAGES\vlc.mo
locale\sk\LC_MESSAGES\vlc.mo
locale\sl\LC_MESSAGES\vlc.mo
locale\sq\LC_MESSAGES\vlc.mo
locale\sr\LC_MESSAGES\vlc.mo
locale\sv\LC_MESSAGES\vlc.mo
locale\ta\LC_MESSAGES\vlc.mo
locale\tet\LC_MESSAGES\vlc.mo
locale\th\LC_MESSAGES\vlc.mo
locale\tl\LC_MESSAGES\vlc.mo
locale\tr\LC_MESSAGES\vlc.mo
locale\uk\LC_MESSAGES\vlc.mo
locale\vi\LC_MESSAGES\vlc.mo
locale\wa\LC_MESSAGES\vlc.mo
locale\zh_CN\LC_MESSAGES\vlc.mo
locale\zh_TW\LC_MESSAGES\vlc.mo
osdmenu\default\selected\bw.png
osdmenu\default\selected\esc.png
osdmenu\default\selected\fw.png
osdmenu\default\selected\next.png
osdmenu\default\selected\play_pause.png
osdmenu\default\selected\previous.png
osdmenu\default\selected\stop.png
osdmenu\default\selected\volume.png
osdmenu\default\selection\bw.png
osdmenu\default\selection\esc.png
osdmenu\default\selection\fw.png
osdmenu\default\selection\next.png
osdmenu\default\selection\play_pause.png
osdmenu\default\selection\previous.png
osdmenu\default\selection\stop.png
osdmenu\default\selection\volume.png
osdmenu\default\unselected.png
osdmenu\default\volume\volume_00.png
osdmenu\default\volume\volume_01.png
osdmenu\default\volume\volume_02.png
osdmenu\default\volume\volume_03.png
osdmenu\default\volume\volume_04.png
osdmenu\default\volume\volume_05.png
osdmenu\default\volume\volume_06.png
osdmenu\default\volume\volume_07.png
osdmenu\default\volume\volume_08.png
osdmenu\default\volume\volume_09.png
osdmenu\default\volume\volume_10.png
osdmenu\default.cfg
skins\avs_0_95_beta.vlt
skins\darklounge_vlc_1.0.vlt
skins\default.vlt
skins\DestroyVLC.vlt
skins\eDark Vlc.vlt
skins\fonts\FreeSans.ttf
skins\fonts\FreeSansBold.ttf
skins\ftouch100.vlt
skins\itunes graphite.vlt
skins\mirror.vlt
skins\QuickTime UMX.vlt
skins\QuickTime.vlt
skins\redcoast.vlt
skins\skin.catalog
skins\skin.dtd
skins\Slick Iphone Skin.vlt
skins\Win_VLC_11.vlt
http\.hosts
http\dialogs\.hosts
http\dialogs\browse
http\dialogs\footer
http\dialogs\input
http\dialogs\main
http\dialogs\mosaic
http\dialogs\playlist
http\dialogs\sout
http\dialogs\vlm
http\favicon.ico
http\flash.html
http\iehacks.css
http\images\delete.png
http\images\delete_small.png
http\images\eject.png
http\images\empty.png
http\images\fullscreen.png
http\images\help.png
http\images\info.png
http\images\loop.png
http\images\minus.png
http\images\next.png
http\images\pause.png
http\images\play.png
http\images\playlist.png
http\images\playlist_small.png
http\images\plus.png
http\images\prev.png
http\images\refresh.png
http\images\repeat.png
http\images\sd.png
http\images\shuffle.png
http\images\slider_bar.png
http\images\slider_left.png
http\images\slider_point.png
http\images\slider_right.png
http\images\slow.png
http\images\snapshot.png
http\images\sort.png
http\images\sout.png
http\images\speaker.png
http\images\speaker_mute.png
http\images\stop.png
http\images\vlc16x16.png
http\images\volume_down.png
http\images\volume_up.png
http\images\white.png
http\images\white_cross_small.png
http\index.html
http\js\functions.js
http\js\mosaic.js
http\js\vlm.js
http\mosaic.html
http\requests\browse.xml
http\requests\playlist.xml
http\requests\readme.txt
http\requests\status.xml
http\requests\vlm.xml
http\requests\vlm_cmd.xml
http\style.css
http\vlm.html
http\vlm_export.html
lua\extensions\allocine-fr.lua
lua\extensions\README.txt
lua\http\.hosts
lua\http\custom.lua
lua\http\dialogs\.hosts
lua\http\dialogs\browse
lua\http\dialogs\footer
lua\http\dialogs\input
lua\http\dialogs\main
lua\http\dialogs\mosaic
lua\http\dialogs\playlist
lua\http\dialogs\sout
lua\http\dialogs\vlm
lua\http\favicon.ico
lua\http\flash.html
lua\http\iehacks.css
lua\http\images\delete.png
lua\http\images\delete_small.png
lua\http\images\eject.png
lua\http\images\empty.png
lua\http\images\fullscreen.png
lua\http\images\help.png
lua\http\images\info.png
lua\http\images\loop.png
lua\http\images\minus.png
lua\http\images\next.png
lua\http\images\pause.png
lua\http\images\play.png
lua\http\images\playlist.png
lua\http\images\playlist_small.png
lua\http\images\plus.png
lua\http\images\prev.png
lua\http\images\refresh.png
lua\http\images\repeat.png
lua\http\images\reset.png
lua\http\images\sd.png
lua\http\images\shuffle.png
lua\http\images\slider_bar.png
lua\http\images\slider_left.png
lua\http\images\slider_point.png
lua\http\images\slider_right.png
lua\http\images\slow.png
lua\http\images\snapshot.png
lua\http\images\sort.png
lua\http\images\sout.png
lua\http\images\speaker.png
lua\http\images\speaker_mute.png
lua\http\images\stop.png
lua\http\images\vlc16x16.png
lua\http\images\volume_down.png
lua\http\images\volume_up.png
lua\http\images\white.png
lua\http\images\white_cross_small.png
lua\http\index.html
lua\http\js\functions.js
lua\http\js\mosaic.js
lua\http\js\vlm.js
lua\http\mosaic.html
lua\http\requests\browse.xml
lua\http\requests\playlist.xml
lua\http\requests\readme.txt
lua\http\requests\status.xml
lua\http\requests\vlm.xml
lua\http\requests\vlm_cmd.xml
lua\http\style.css
lua\http\vlm.html
lua\http\vlm_export.html
lua\intf\dummy.lua
lua\intf\dumpmeta.lua
lua\intf\hotkeys.lua
lua\intf\http.lua
lua\intf\luac.lua
lua\intf\modules\common.lua
lua\intf\modules\host.lua
lua\intf\rc.lua
lua\intf\README.txt
lua\intf\telnet.lua
lua\meta\art\01_googleimage.lua
lua\meta\art\02_frenchtv.lua
lua\meta\art\03_lastfm.lua
lua\meta\art\04_musicbrainz.lua
lua\meta\art\README.txt
lua\meta\fetcher\README.txt
lua\meta\fetcher\tvrage.lua
lua\meta\reader\filename.lua
lua\meta\reader\README.txt
lua\modules\sandbox.lua
lua\modules\simplexml.lua
lua\playlist\anevia_streams.lua
lua\playlist\anevia_xml.lua
lua\playlist\appletrailers.lua
lua\playlist\bbc_co_uk.lua
lua\playlist\break.lua
lua\playlist\canalplus.lua
lua\playlist\cue.lua
lua\playlist\dailymotion.lua
lua\playlist\france2.lua
lua\playlist\googlevideo.lua
lua\playlist\jamendo.lua
lua\playlist\joox.lua
lua\playlist\katsomo.lua
lua\playlist\koreus.lua
lua\playlist\lelombrik.lua
lua\playlist\megavideo.lua
lua\playlist\metacafe.lua
lua\playlist\metachannels.lua
lua\playlist\mpora.lua
lua\playlist\pinkbike.lua
lua\playlist\README.txt
lua\playlist\rockbox_fm_presets.lua
lua\playlist\vimeo.lua
lua\playlist\youtube.lua
lua\playlist\youtube_homepage.lua
lua\README.txt
lua\sd\fmc.lua
lua\sd\freebox.lua
lua\sd\icecast.lua
lua\sd\jamendo.lua
lua\sd\metachannels.lua
lua\sd\README.txt
plugins\plugins-04041e-3e8.dat
VideoLAN Website.url
Documentation.url
New_Skins.url
